<?xml version="1.0" encoding="UTF-8"?>
<testng-results skipped="11" failed="0" total="11" passed="0">
  <reporter-output>
  </reporter-output>
  <suite name="Default suite" duration-ms="24067" started-at="2020-01-13T00:48:07Z" finished-at="2020-01-13T00:48:31Z">
    <groups>
    </groups>
    <test name="Default test" duration-ms="24067" started-at="2020-01-13T00:48:07Z" finished-at="2020-01-13T00:48:31Z">
      <class name="com.raiway.TestCase_Run">
        <test-method status="PASS" signature="BeforeClass()[pri:0, instance:com.raiway.TestCase_Run@1b604f19]" name="BeforeClass" is-config="true" duration-ms="13834" started-at="2020-01-13T07:48:07Z" finished-at="2020-01-13T07:48:21Z">
          <reporter-output>
          </reporter-output>
        </test-method> <!-- BeforeClass -->
        <test-method status="FAIL" signature="BeforeMethod()[pri:0, instance:com.raiway.TestCase_Run@1b604f19]" name="BeforeMethod" is-config="true" duration-ms="0" started-at="2020-01-13T07:48:21Z" finished-at="2020-01-13T07:48:21Z">
          <exception class="org.openqa.selenium.NoSuchElementException">
            <message>
              <![CDATA[no such element: Unable to locate element: {"method":"xpath","selector":"//span[contains(text(),'Log out')]"}
  (Session info: chrome=77.0.3865.90)
For documentation on this error, please visit: https://www.seleniumhq.org/exceptions/no_such_element.html
Build info: version: '3.141.59', revision: 'e82be7d358', time: '2018-11-14T08:17:03'
System info: host: 'DESKTOP-AB4UQ5J', ip: '20.1.247.65', os.name: 'Windows 10', os.arch: 'amd64', os.version: '10.0', java.version: '1.8.0_74'
Driver info: org.openqa.selenium.chrome.ChromeDriver
Capabilities {acceptInsecureCerts: false, browserName: chrome, browserVersion: 77.0.3865.90, chrome: {chromedriverVersion: 77.0.3865.40 (f484704e052e0..., userDataDir: C:\Users\NGOC_ANH\AppData\L...}, goog:chromeOptions: {debuggerAddress: localhost:53713}, javascriptEnabled: true, networkConnectionEnabled: false, pageLoadStrategy: normal, platform: XP, platformName: XP, proxy: Proxy(), setWindowRect: true, strictFileInteractability: false, timeouts: {implicit: 0, pageLoad: 300000, script: 30000}, unhandledPromptBehavior: dismiss and notify}
Session ID: dc041eb846b2ed64abffb82b863b07e1
*** Element info: {Using=xpath, value=//span[contains(text(),'Log out')]}]]>
            </message>
            <full-stacktrace>
              <![CDATA[org.openqa.selenium.NoSuchElementException: no such element: Unable to locate element: {"method":"xpath","selector":"//span[contains(text(),'Log out')]"}
  (Session info: chrome=77.0.3865.90)
For documentation on this error, please visit: https://www.seleniumhq.org/exceptions/no_such_element.html
Build info: version: '3.141.59', revision: 'e82be7d358', time: '2018-11-14T08:17:03'
System info: host: 'DESKTOP-AB4UQ5J', ip: '20.1.247.65', os.name: 'Windows 10', os.arch: 'amd64', os.version: '10.0', java.version: '1.8.0_74'
Driver info: org.openqa.selenium.chrome.ChromeDriver
Capabilities {acceptInsecureCerts: false, browserName: chrome, browserVersion: 77.0.3865.90, chrome: {chromedriverVersion: 77.0.3865.40 (f484704e052e0..., userDataDir: C:\Users\NGOC_ANH\AppData\L...}, goog:chromeOptions: {debuggerAddress: localhost:53713}, javascriptEnabled: true, networkConnectionEnabled: false, pageLoadStrategy: normal, platform: XP, platformName: XP, proxy: Proxy(), setWindowRect: true, strictFileInteractability: false, timeouts: {implicit: 0, pageLoad: 300000, script: 30000}, unhandledPromptBehavior: dismiss and notify}
Session ID: dc041eb846b2ed64abffb82b863b07e1
*** Element info: {Using=xpath, value=//span[contains(text(),'Log out')]}
	at sun.reflect.NativeConstructorAccessorImpl.newInstance0(Native Method)
	at sun.reflect.NativeConstructorAccessorImpl.newInstance(NativeConstructorAccessorImpl.java:62)
	at sun.reflect.DelegatingConstructorAccessorImpl.newInstance(DelegatingConstructorAccessorImpl.java:45)
	at java.lang.reflect.Constructor.newInstance(Constructor.java:423)
	at org.openqa.selenium.remote.http.W3CHttpResponseCodec.createException(W3CHttpResponseCodec.java:187)
	at org.openqa.selenium.remote.http.W3CHttpResponseCodec.decode(W3CHttpResponseCodec.java:122)
	at org.openqa.selenium.remote.http.W3CHttpResponseCodec.decode(W3CHttpResponseCodec.java:49)
	at org.openqa.selenium.remote.HttpCommandExecutor.execute(HttpCommandExecutor.java:158)
	at org.openqa.selenium.remote.service.DriverCommandExecutor.execute(DriverCommandExecutor.java:83)
	at org.openqa.selenium.remote.RemoteWebDriver.execute(RemoteWebDriver.java:552)
	at org.openqa.selenium.remote.RemoteWebDriver.findElement(RemoteWebDriver.java:323)
	at org.openqa.selenium.remote.RemoteWebDriver.findElementByXPath(RemoteWebDriver.java:428)
	at org.openqa.selenium.By$ByXPath.findElement(By.java:353)
	at org.openqa.selenium.remote.RemoteWebDriver.findElement(RemoteWebDriver.java:315)
	at page.HomePage.clickTabMenuHomePage(HomePage.java:17)
	at com.raiway.TestCase_Run.BeforeMethod(TestCase_Run.java:37)
	at sun.reflect.NativeMethodAccessorImpl.invoke0(Native Method)
	at sun.reflect.NativeMethodAccessorImpl.invoke(NativeMethodAccessorImpl.java:62)
	at sun.reflect.DelegatingMethodAccessorImpl.invoke(DelegatingMethodAccessorImpl.java:43)
	at java.lang.reflect.Method.invoke(Method.java:498)
	at org.testng.internal.MethodInvocationHelper.invokeMethod(MethodInvocationHelper.java:80)
	at org.testng.internal.Invoker.invokeConfigurationMethod(Invoker.java:564)
	at org.testng.internal.Invoker.invokeConfigurations(Invoker.java:213)
	at org.testng.internal.Invoker.invokeMethod(Invoker.java:653)
	at org.testng.internal.Invoker.invokeTestMethod(Invoker.java:901)
	at org.testng.internal.Invoker.invokeTestMethods(Invoker.java:1231)
	at org.testng.internal.TestMethodWorker.invokeTestMethods(TestMethodWorker.java:127)
	at org.testng.internal.TestMethodWorker.run(TestMethodWorker.java:111)
	at org.testng.TestRunner.privateRun(TestRunner.java:767)
	at org.testng.TestRunner.run(TestRunner.java:617)
	at org.testng.SuiteRunner.runTest(SuiteRunner.java:334)
	at org.testng.SuiteRunner.runSequentially(SuiteRunner.java:329)
	at org.testng.SuiteRunner.privateRun(SuiteRunner.java:291)
	at org.testng.SuiteRunner.run(SuiteRunner.java:240)
	at org.testng.SuiteRunnerWorker.runSuite(SuiteRunnerWorker.java:52)
	at org.testng.SuiteRunnerWorker.run(SuiteRunnerWorker.java:86)
	at org.testng.TestNG.runSuitesSequentially(TestNG.java:1198)
	at org.testng.TestNG.runSuitesLocally(TestNG.java:1123)
	at org.testng.TestNG.run(TestNG.java:1031)
	at org.testng.remote.AbstractRemoteTestNG.run(AbstractRemoteTestNG.java:115)
	at org.testng.remote.RemoteTestNG.initAndRun(RemoteTestNG.java:251)
	at org.testng.remote.RemoteTestNG.main(RemoteTestNG.java:77)
]]>
            </full-stacktrace>
          </exception> <!-- org.openqa.selenium.NoSuchElementException -->
          <reporter-output>
          </reporter-output>
        </test-method> <!-- BeforeMethod -->
        <test-method status="SKIP" signature="TC_01_Login_Sucess()[pri:0, instance:com.raiway.TestCase_Run@1b604f19]" name="TC_01_Login_Sucess" duration-ms="3" started-at="2020-01-13T07:48:31Z" finished-at="2020-01-13T07:48:31Z">
          <reporter-output>
          </reporter-output>
        </test-method> <!-- TC_01_Login_Sucess -->
        <test-method status="SKIP" signature="BeforeMethod()[pri:0, instance:com.raiway.TestCase_Run@1b604f19]" name="BeforeMethod" is-config="true" duration-ms="0" started-at="2020-01-13T07:48:31Z" finished-at="2020-01-13T07:48:31Z">
          <reporter-output>
          </reporter-output>
        </test-method> <!-- BeforeMethod -->
        <test-method status="SKIP" signature="TC_02_Login_Blank_User()[pri:0, instance:com.raiway.TestCase_Run@1b604f19]" name="TC_02_Login_Blank_User" duration-ms="5" started-at="2020-01-13T07:48:31Z" finished-at="2020-01-13T07:48:31Z">
          <reporter-output>
          </reporter-output>
        </test-method> <!-- TC_02_Login_Blank_User -->
        <test-method status="SKIP" signature="BeforeMethod()[pri:0, instance:com.raiway.TestCase_Run@1b604f19]" name="BeforeMethod" is-config="true" duration-ms="0" started-at="2020-01-13T07:48:31Z" finished-at="2020-01-13T07:48:31Z">
          <reporter-output>
          </reporter-output>
        </test-method> <!-- BeforeMethod -->
        <test-method status="SKIP" signature="TC_03_Login_Invalid_Pasword()[pri:0, instance:com.raiway.TestCase_Run@1b604f19]" name="TC_03_Login_Invalid_Pasword" duration-ms="2" started-at="2020-01-13T07:48:31Z" finished-at="2020-01-13T07:48:31Z">
          <reporter-output>
          </reporter-output>
        </test-method> <!-- TC_03_Login_Invalid_Pasword -->
        <test-method status="SKIP" signature="BeforeMethod()[pri:0, instance:com.raiway.TestCase_Run@1b604f19]" name="BeforeMethod" is-config="true" duration-ms="0" started-at="2020-01-13T07:48:31Z" finished-at="2020-01-13T07:48:31Z">
          <reporter-output>
          </reporter-output>
        </test-method> <!-- BeforeMethod -->
        <test-method status="SKIP" signature="TC_04_Redirect_After_Login()[pri:0, instance:com.raiway.TestCase_Run@1b604f19]" name="TC_04_Redirect_After_Login" duration-ms="2" started-at="2020-01-13T07:48:31Z" finished-at="2020-01-13T07:48:31Z">
          <reporter-output>
          </reporter-output>
        </test-method> <!-- TC_04_Redirect_After_Login -->
        <test-method status="SKIP" signature="BeforeMethod()[pri:0, instance:com.raiway.TestCase_Run@1b604f19]" name="BeforeMethod" is-config="true" duration-ms="0" started-at="2020-01-13T07:48:31Z" finished-at="2020-01-13T07:48:31Z">
          <reporter-output>
          </reporter-output>
        </test-method> <!-- BeforeMethod -->
        <test-method status="SKIP" signature="TC_05_Enter_Wrong_Password_Serveral_Times()[pri:0, instance:com.raiway.TestCase_Run@1b604f19]" name="TC_05_Enter_Wrong_Password_Serveral_Times" duration-ms="2" started-at="2020-01-13T07:48:31Z" finished-at="2020-01-13T07:48:31Z">
          <reporter-output>
          </reporter-output>
        </test-method> <!-- TC_05_Enter_Wrong_Password_Serveral_Times -->
        <test-method status="SKIP" signature="BeforeMethod()[pri:0, instance:com.raiway.TestCase_Run@1b604f19]" name="BeforeMethod" is-config="true" duration-ms="0" started-at="2020-01-13T07:48:31Z" finished-at="2020-01-13T07:48:31Z">
          <reporter-output>
          </reporter-output>
        </test-method> <!-- BeforeMethod -->
        <test-method status="SKIP" signature="TC_06_Redirected_After_Logout()[pri:0, instance:com.raiway.TestCase_Run@1b604f19]" name="TC_06_Redirected_After_Logout" duration-ms="3" started-at="2020-01-13T07:48:31Z" finished-at="2020-01-13T07:48:31Z">
          <reporter-output>
          </reporter-output>
        </test-method> <!-- TC_06_Redirected_After_Logout -->
        <test-method status="SKIP" signature="BeforeMethod()[pri:0, instance:com.raiway.TestCase_Run@1b604f19]" name="BeforeMethod" is-config="true" duration-ms="0" started-at="2020-01-13T07:48:31Z" finished-at="2020-01-13T07:48:31Z">
          <reporter-output>
          </reporter-output>
        </test-method> <!-- BeforeMethod -->
        <test-method status="SKIP" signature="TC_07_Create_New_Account()[pri:0, instance:com.raiway.TestCase_Run@1b604f19]" name="TC_07_Create_New_Account" duration-ms="1" started-at="2020-01-13T07:48:31Z" finished-at="2020-01-13T07:48:31Z">
          <reporter-output>
          </reporter-output>
        </test-method> <!-- TC_07_Create_New_Account -->
        <test-method status="SKIP" signature="BeforeMethod()[pri:0, instance:com.raiway.TestCase_Run@1b604f19]" name="BeforeMethod" is-config="true" duration-ms="0" started-at="2020-01-13T07:48:31Z" finished-at="2020-01-13T07:48:31Z">
          <reporter-output>
          </reporter-output>
        </test-method> <!-- BeforeMethod -->
        <test-method status="SKIP" signature="TC_08_Login_Account_No_Active()[pri:0, instance:com.raiway.TestCase_Run@1b604f19]" name="TC_08_Login_Account_No_Active" duration-ms="2" started-at="2020-01-13T07:48:31Z" finished-at="2020-01-13T07:48:31Z">
          <reporter-output>
          </reporter-output>
        </test-method> <!-- TC_08_Login_Account_No_Active -->
        <test-method status="SKIP" signature="BeforeMethod()[pri:0, instance:com.raiway.TestCase_Run@1b604f19]" name="BeforeMethod" is-config="true" duration-ms="0" started-at="2020-01-13T07:48:31Z" finished-at="2020-01-13T07:48:31Z">
          <reporter-output>
          </reporter-output>
        </test-method> <!-- BeforeMethod -->
        <test-method status="SKIP" signature="TC_09_Chang_Password()[pri:0, instance:com.raiway.TestCase_Run@1b604f19]" name="TC_09_Chang_Password" duration-ms="2" started-at="2020-01-13T07:48:31Z" finished-at="2020-01-13T07:48:31Z">
          <reporter-output>
          </reporter-output>
        </test-method> <!-- TC_09_Chang_Password -->
        <test-method status="SKIP" signature="BeforeMethod()[pri:0, instance:com.raiway.TestCase_Run@1b604f19]" name="BeforeMethod" is-config="true" duration-ms="0" started-at="2020-01-13T07:48:31Z" finished-at="2020-01-13T07:48:31Z">
          <reporter-output>
          </reporter-output>
        </test-method> <!-- BeforeMethod -->
        <test-method status="SKIP" signature="TC_10_Create_Acount_In_Use_Email()[pri:0, instance:com.raiway.TestCase_Run@1b604f19]" name="TC_10_Create_Acount_In_Use_Email" duration-ms="1" started-at="2020-01-13T07:48:31Z" finished-at="2020-01-13T07:48:31Z">
          <reporter-output>
          </reporter-output>
        </test-method> <!-- TC_10_Create_Acount_In_Use_Email -->
        <test-method status="SKIP" signature="BeforeMethod()[pri:0, instance:com.raiway.TestCase_Run@1b604f19]" name="BeforeMethod" is-config="true" duration-ms="0" started-at="2020-01-13T07:48:31Z" finished-at="2020-01-13T07:48:31Z">
          <reporter-output>
          </reporter-output>
        </test-method> <!-- BeforeMethod -->
        <test-method status="SKIP" signature="TC_11_Create_Account_With_Blank_Pass_and_Pid()[pri:0, instance:com.raiway.TestCase_Run@1b604f19]" name="TC_11_Create_Account_With_Blank_Pass_and_Pid" duration-ms="2" started-at="2020-01-13T07:48:31Z" finished-at="2020-01-13T07:48:31Z">
          <reporter-output>
          </reporter-output>
        </test-method> <!-- TC_11_Create_Account_With_Blank_Pass_and_Pid -->
        <test-method status="SKIP" signature="AfterClass()[pri:0, instance:com.raiway.TestCase_Run@1b604f19]" name="AfterClass" is-config="true" duration-ms="0" started-at="2020-01-13T07:48:31Z" finished-at="2020-01-13T07:48:31Z">
          <reporter-output>
          </reporter-output>
        </test-method> <!-- AfterClass -->
      </class> <!-- com.raiway.TestCase_Run -->
    </test> <!-- Default test -->
  </suite> <!-- Default suite -->
</testng-results>
